<?xml version="1.0" encoding="UTF-8"?>
<!-- Generated by org.testng.reporters.JUnitReportReporter -->
<testsuite hostname="lhh-PC" name="TestAnnotation" tests="2" failures="0" timestamp="2 May 2018 07:58:17 GMT" time="0.001" errors="0">
  <testcase name="testcase1" time="0.001" classname="TestAnnotation"/>
  <testcase name="testcase2" time="0.000" classname="TestAnnotation"/>
</testsuite> <!-- TestAnnotation -->
