<?xml version="1.0" encoding="UTF-8"?>
<!-- Generated by org.testng.reporters.JUnitReportReporter -->
<testsuite hostname="lhh-PC" name="TestCrossBrowser" tests="1" failures="0" timestamp="2 May 2018 09:15:00 GMT" time="7.961" errors="0">
  <testcase name="startBrowser" time="7.961" classname="TestCrossBrowser"/>
</testsuite> <!-- TestCrossBrowser -->
