<?xml version="1.0" encoding="UTF-8"?>
<!-- Generated by org.testng.reporters.JUnitReportReporter -->
<testsuite hostname="lhh-PC" name="AbsTest" tests="3" failures="0" timestamp="2 May 2018 06:53:23 GMT" time="0.010" errors="0">
  <testcase name="testAbs1" time="0.007" classname="AbsTest"/>
  <testcase name="testAbs" time="0.003" classname="AbsTest"/>
  <testcase name="testAbs2" time="0.000" classname="AbsTest"/>
</testsuite> <!-- AbsTest -->
