<?xml version="1.0" encoding="UTF-8"?>
<!-- Generated by org.testng.reporters.JUnitReportReporter -->
<testsuite hostname="lhh-PC" name="WhiteTest" tests="4" failures="0" timestamp="2 May 2018 06:53:23 GMT" time="0.001" errors="0">
  <testcase name="testWhiteTest1" time="0.001" classname="WhiteTest"/>
  <testcase name="testWhiteTest2" time="0.000" classname="WhiteTest"/>
  <testcase name="testWhiteTest3" time="0.000" classname="WhiteTest"/>
  <testcase name="testWhiteTest4" time="0.000" classname="WhiteTest"/>
</testsuite> <!-- WhiteTest -->
